
/home/runner/work/exp-acceleration-analysis-scotch-yoke-nitk/exp-acceleration-analysis-scotch-yoke-nitk/experiment/simulation/js/MOMscript.js
   22:10  warning  'point' is defined but never used       no-unused-vars
   30:10  warning  'pointtrans' is defined but never used  no-unused-vars
   38:10  warning  'pointdisp' is defined but never used   no-unused-vars
   88:10  warning  'pointdist' is defined but never used   no-unused-vars
   94:10  warning  'pointjoin' is defined but never used   no-unused-vars
  109:10  warning  'pointtrace' is defined but never used  no-unused-vars
  127:10  warning  'deg' is defined but never used         no-unused-vars
  137:10  warning  'drawrect' is defined but never used    no-unused-vars
  157:10  warning  'drawArrow' is defined but never used   no-unused-vars
  173:10  warning  'signof' is defined but never used      no-unused-vars
  179:10  warning  'roundd' is defined but never used      no-unused-vars
  185:10  warning  'plotgraph' is defined but never used   no-unused-vars
  195:1   warning  'i' is not defined                      no-undef
  197:7   warning  'i' is not defined                      no-undef
  199:20  warning  'i' is not defined                      no-undef
  199:27  warning  'i' is not defined                      no-undef
  200:2   warning  'i' is not defined                      no-undef
  201:6   warning  'i' is not defined                      no-undef
  204:3   warning  'i' is not defined                      no-undef
  204:5   warning  'i' is not defined                      no-undef

/home/runner/work/exp-acceleration-analysis-scotch-yoke-nitk/exp-acceleration-analysis-scotch-yoke-nitk/experiment/simulation/js/dpi.js
  42:10  error  Parsing error: Identifier 'fix_dpi' has already been declared

/home/runner/work/exp-acceleration-analysis-scotch-yoke-nitk/exp-acceleration-analysis-scotch-yoke-nitk/experiment/simulation/js/jquery-3.6.0.js
     17:44  warning  'module' is not defined                                                    no-undef
     25:5   warning  'module' is not defined                                                    no-undef
    142:13  warning  'Symbol' is already defined as a built-in global variable                  no-redeclare
    717:22  warning  Unexpected control character(s) in regular expression: \x1f, \x1f          no-control-regex
    779:50  warning  Empty block statement                                                      no-empty
   2185:38  warning  Do not access Object.prototype method 'hasOwnProperty' from target object  no-prototype-builtins
   3205:16  warning  Unnecessary escape character: \/                                           no-useless-escape
   3507:52  warning  Empty block statement                                                      no-empty
   4584:21  warning  Empty block statement                                                      no-empty
   5051:28  warning  Unnecessary escape character: \/                                           no-useless-escape
   5268:19  warning  Empty block statement                                                      no-empty
   6564:25  warning  Empty block statement                                                      no-empty
   9171:17  warning  Empty block statement                                                      no-empty
   9819:28  warning  'urlAnchor.href' is assigned to itself                                     no-self-assign
  10269:17  warning  Empty block statement                                                      no-empty
  11162:39  warning  'define' is not defined                                                    no-undef
  11163:5   warning  'define' is not defined                                                    no-undef

/home/runner/work/exp-acceleration-analysis-scotch-yoke-nitk/exp-acceleration-analysis-scotch-yoke-nitk/experiment/simulation/js/jquery-ui.js
      9:39  warning  'define' is not defined                                      no-undef
     11:5   warning  'define' is not defined                                      no-undef
     14:13  warning  'jQuery' is not defined                                      no-undef
     21:7   warning  'version' is assigned a value but never used                 no-unused-vars
    797:7   warning  'widget' is assigned a value but never used                  no-unused-vars
    822:19  warning  Unnecessary escape character: \+                             no-useless-escape
    822:21  warning  Unnecessary escape character: \-                             no-useless-escape
   1365:7   warning  'position' is assigned a value but never used                no-unused-vars
   1381:7   warning  'data' is assigned a value but never used                    no-unused-vars
   1410:7   warning  'disableSelection' is assigned a value but never used        no-unused-vars
   1452:23  warning  Unnecessary escape character: \-                             no-useless-escape
   1462:39  warning  Unnecessary escape character: \%                             no-useless-escape
   1462:63  warning  Unnecessary escape character: \%                             no-useless-escape
   1462:87  warning  Unnecessary escape character: \%                             no-useless-escape
   1499:61  warning  Unnecessary escape character: \%                             no-useless-escape
   1499:85  warning  Unnecessary escape character: \%                             no-useless-escape
   2078:29  warning  Empty block statement                                        no-empty
   3120:63  warning  Empty block statement                                        no-empty
   3156:7   warning  'effectsEffectBlind' is assigned a value but never used      no-unused-vars
   3217:7   warning  'effectsEffectBounce' is assigned a value but never used     no-unused-vars
   3309:7   warning  'effectsEffectClip' is assigned a value but never used       no-unused-vars
   3360:7   warning  'effectsEffectDrop' is assigned a value but never used       no-unused-vars
   3418:7   warning  'effectsEffectExplode' is assigned a value but never used    no-unused-vars
   3523:7   warning  'effectsEffectFade' is assigned a value but never used       no-unused-vars
   3560:7   warning  'effectsEffectFold' is assigned a value but never used       no-unused-vars
   3639:7   warning  'effectsEffectHighlight' is assigned a value but never used  no-unused-vars
   3683:7   warning  'effectsEffectSize' is assigned a value but never used       no-unused-vars
   3884:7   warning  'effectsEffectScale' is assigned a value but never used      no-unused-vars
   3929:7   warning  'effectsEffectPuff' is assigned a value but never used       no-unused-vars
   3957:7   warning  'effectsEffectPulsate' is assigned a value but never used    no-unused-vars
   4007:7   warning  'effectsEffectShake' is assigned a value but never used      no-unused-vars
   4062:7   warning  'effectsEffectSlide' is assigned a value but never used      no-unused-vars
   4127:7   warning  'effect' is already defined                                  no-redeclare
   4133:7   warning  'effectsEffectTransfer' is assigned a value but never used   no-unused-vars
   4209:7   warning  'focusable' is assigned a value but never used               no-unused-vars
   4214:7   warning  'form' is assigned a value but never used                    no-unused-vars
   4234:7   warning  'formResetMixin' is assigned a value but never used          no-unused-vars
   4311:22  warning  Unexpected control character(s) in regular expression: \x1f  no-control-regex
   4369:7   warning  'keycode' is assigned a value but never used                 no-unused-vars
   4402:7   warning  'labels' is assigned a value but never used                  no-unused-vars
   4455:7   warning  'scrollParent' is assigned a value but never used            no-unused-vars
   4492:7   warning  'tabbable' is assigned a value but never used                no-unused-vars
   4516:7   warning  'uniqueId' is assigned a value but never used                no-unused-vars
   4558:7   warning  'widgetsAccordion' is assigned a value but never used        no-unused-vars
   5187:7   warning  'safeActiveElement' is assigned a value but never used       no-unused-vars
   5233:7   warning  'widgetsMenu' is assigned a value but never used             no-unused-vars
   5939:13  warning  Unnecessary escape character: \-                             no-useless-escape
   5939:15  warning  Unnecessary escape character: \[                             no-useless-escape
   5939:30  warning  Unnecessary escape character: \^                             no-useless-escape
   6581:30  warning  Unnecessary escape character: \-                             no-useless-escape
   6581:32  warning  Unnecessary escape character: \[                             no-useless-escape
   6581:47  warning  Unnecessary escape character: \^                             no-useless-escape
   6626:7   warning  'widgetsAutocomplete' is assigned a value but never used     no-unused-vars
   6648:7   warning  'widgetsControlgroup' is assigned a value but never used     no-unused-vars
   7239:7   warning  'widgetsCheckboxradio' is assigned a value but never used    no-unused-vars
   7686:7   warning  'widgetsButton' is assigned a value but never used           no-unused-vars
   7921:51  warning  Unnecessary escape character: \-                             no-useless-escape
   8620:23  warning  Empty block statement                                        no-empty
   9326:18  warning  Unexpected constant condition                                no-constant-condition
   9623:27  warning  Unnecessary escape character: \-                             no-useless-escape
  10293:40  warning  Unnecessary escape character: \-                             no-useless-escape
  10295:32  warning  Unnecessary escape character: \-                             no-useless-escape
  10435:35  warning  Unnecessary escape character: \-                             no-useless-escape
  10438:35  warning  Unnecessary escape character: \-                             no-useless-escape
  10603:7   warning  'widgetsDatepicker' is assigned a value but never used       no-unused-vars
  10606:7   warning  'ie' is assigned a value but never used                      no-unused-vars
  10627:7   warning  'widgetsMouse' is assigned a value but never used            no-unused-vars
  10835:7   warning  'plugin' is assigned a value but never used                  no-unused-vars
  10868:7   warning  'safeBlur' is assigned a value but never used                no-unused-vars
  12169:7   warning  'widgetsDraggable' is assigned a value but never used        no-unused-vars
  13428:7   warning  'widgetsResizable' is assigned a value but never used        no-unused-vars
  14383:7   warning  'widgetsDialog' is assigned a value but never used           no-unused-vars
  14902:7   warning  'widgetsDroppable' is assigned a value but never used        no-unused-vars
  14924:7   warning  'widgetsProgressbar' is assigned a value but never used      no-unused-vars
  15081:7   warning  'widgetsSelectable' is assigned a value but never used       no-unused-vars
  15399:7   warning  'widgetsSelectmenu' is assigned a value but never used       no-unused-vars
  16098:7   warning  'widgetsSlider' is assigned a value but never used           no-unused-vars
  16890:7   warning  'widgetsSortable' is assigned a value but never used         no-unused-vars
  17501:33  warning  Unnecessary escape character: \-                             no-useless-escape
  19078:15  warning  'Globalize' is not defined                                   no-undef
  19089:11  warning  'Globalize' is not defined                                   no-undef
  19209:7   warning  'widgetsSpinner' is assigned a value but never used          no-unused-vars
  19265:25  warning  Empty block statement                                        no-empty
  19268:25  warning  Empty block statement                                        no-empty
  19507:38  warning  Unnecessary escape character: \/                             no-useless-escape
  19507:47  warning  Unnecessary escape character: \[                             no-useless-escape
  19507:51  warning  Unnecessary escape character: \^                             no-useless-escape
  20132:7   warning  'widgetsTabs' is assigned a value but never used             no-unused-vars
  20643:7   warning  'widgetsTooltip' is assigned a value but never used          no-unused-vars

/home/runner/work/exp-acceleration-analysis-scotch-yoke-nitk/exp-acceleration-analysis-scotch-yoke-nitk/experiment/simulation/js/jquery.ui.touch-punch.js
  174:4  warning  'jQuery' is not defined  no-undef

/home/runner/work/exp-acceleration-analysis-scotch-yoke-nitk/exp-acceleration-analysis-scotch-yoke-nitk/experiment/simulation/js/jquery.ui.touch-punch.min.js
  81:4  warning  'jQuery' is not defined  no-undef

/home/runner/work/exp-acceleration-analysis-scotch-yoke-nitk/exp-acceleration-analysis-scotch-yoke-nitk/experiment/simulation/js/newscript.js
    5:5   warning  'commenttext' is assigned a value but never used  no-unused-vars
    6:5   warning  'commentloc' is assigned a value but never used   no-unused-vars
    8:17  warning  'point' is not defined                            no-undef
    9:13  warning  'point' is not defined                            no-undef
   10:13  warning  'point' is not defined                            no-undef
   11:18  warning  'point' is not defined                            no-undef
   22:5   warning  'time' is assigned a value but never used         no-unused-vars
   29:5   warning  'legendCS' is assigned a value but never used     no-unused-vars
   30:5   warning  'quickrefCS' is assigned a value but never used   no-unused-vars
   32:5   warning  'temp' is assigned a value but never used         no-unused-vars
   44:10  warning  'editcss' is defined but never used               no-unused-vars
   45:3   warning  '$' is not defined                                no-undef
   46:3   warning  '$' is not defined                                no-undef
   47:3   warning  '$' is not defined                                no-undef
   48:3   warning  '$' is not defined                                no-undef
   49:3   warning  '$' is not defined                                no-undef
   50:3   warning  '$' is not defined                                no-undef
   56:10  warning  'startsim' is defined but never used              no-unused-vars
   61:10  warning  'simstate' is defined but never used              no-unused-vars
   71:5   warning  '$' is not defined                                no-undef
   86:10  warning  'rotstate' is defined but never used              no-unused-vars
  145:5   warning  'showLegend' is assigned a value but never used   no-unused-vars
  156:10  warning  'varinit' is defined but never used               no-unused-vars
  159:3   warning  '$' is not defined                                no-undef
  160:3   warning  '$' is not defined                                no-undef
  162:3   warning  '$' is not defined                                no-undef
  163:3   warning  '$' is not defined                                no-undef
  165:3   warning  '$' is not defined                                no-undef
  166:3   warning  '$' is not defined                                no-undef
  173:3   warning  '$' is not defined                                no-undef
  174:3   warning  '$' is not defined                                no-undef
  177:3   warning  '$' is not defined                                no-undef
  178:5   warning  '$' is not defined                                no-undef
  185:3   warning  '$' is not defined                                no-undef
  186:5   warning  '$' is not defined                                no-undef
  193:3   warning  '$' is not defined                                no-undef
  198:3   warning  '$' is not defined                                no-undef
  199:3   warning  '$' is not defined                                no-undef
  202:3   warning  '$' is not defined                                no-undef
  203:5   warning  '$' is not defined                                no-undef
  205:3   warning  '$' is not defined                                no-undef
  206:5   warning  '$' is not defined                                no-undef
  208:3   warning  '$' is not defined                                no-undef
  213:3   warning  '$' is not defined                                no-undef
  214:3   warning  '$' is not defined                                no-undef
  217:3   warning  '$' is not defined                                no-undef
  218:5   warning  '$' is not defined                                no-undef
  225:3   warning  '$' is not defined                                no-undef
  226:5   warning  '$' is not defined                                no-undef
  233:3   warning  '$' is not defined                                no-undef
  242:3   warning  '$' is not defined                                no-undef
  242:37  warning  '$' is not defined                                no-undef
  243:3   warning  '$' is not defined                                no-undef
  243:37  warning  '$' is not defined                                no-undef
  244:3   warning  '$' is not defined                                no-undef
  244:37  warning  '$' is not defined                                no-undef
  245:7   warning  '$' is not defined                                no-undef
  253:5   warning  '$' is not defined                                no-undef
  254:5   warning  '$' is not defined                                no-undef
  255:13  warning  '$' is not defined                                no-undef
  256:5   warning  '$' is not defined                                no-undef
  257:5   warning  '$' is not defined                                no-undef
  258:32  warning  'deg' is not defined                              no-undef
  263:5   warning  '$' is not defined                                no-undef
  264:5   warning  '$' is not defined                                no-undef
  265:5   warning  '$' is not defined                                no-undef
  266:5   warning  '$' is not defined                                no-undef
  267:13  warning  '$' is not defined                                no-undef
  276:9   warning  'roundd' is not defined                           no-undef
  276:46  warning  'rad' is not defined                              no-undef
  283:38  warning  'rad' is not defined                              no-undef
  284:38  warning  'rad' is not defined                              no-undef
  296:7   warning  'pointtrans' is not defined                       no-undef
  297:7   warning  'pointtrans' is not defined                       no-undef
  307:3   warning  'pointjoin' is not defined                        no-undef
  308:3   warning  'pointdisp' is not defined                        no-undef
  309:3   warning  'pointdisp' is not defined                        no-undef
  351:3   warning  'drawrect' is not defined                         no-undef
  354:3   warning  'drawrect' is not defined                         no-undef
  366:10  warning  'checkGraph' is defined but never used            no-unused-vars
  380:57  warning  'rad' is not defined                              no-undef
  381:66  warning  'rad' is not defined                              no-undef
  388:5   warning  'pointdisp' is not defined                        no-undef
  433:5   warning  'plotgraph' is not defined                        no-undef
  434:5   warning  'plotgraph' is not defined                        no-undef
  435:5   warning  'plotgraph' is not defined                        no-undef

/home/runner/work/exp-acceleration-analysis-scotch-yoke-nitk/exp-acceleration-analysis-scotch-yoke-nitk/experiment/simulation/js/script.js
   3:7   warning  'ctx' is assigned a value but never used  no-unused-vars
  10:3   warning  '$' is not defined                        no-undef
  11:3   warning  '$' is not defined                        no-undef
  12:3   warning  '$' is not defined                        no-undef
  13:3   warning  '$' is not defined                        no-undef
  14:3   warning  '$' is not defined                        no-undef
  15:3   warning  '$' is not defined                        no-undef
  16:3   warning  '$' is not defined                        no-undef
  17:3   warning  '$' is not defined                        no-undef
  20:3   warning  '$' is not defined                        no-undef
  21:3   warning  '$' is not defined                        no-undef
  23:3   warning  '$' is not defined                        no-undef
  24:5   warning  '$' is not defined                        no-undef
  25:5   warning  'time' is not defined                     no-undef
  28:3   warning  '$' is not defined                        no-undef
  29:5   warning  '$' is not defined                        no-undef
  30:5   warning  'time' is not defined                     no-undef
  33:3   warning  '$' is not defined                        no-undef
  37:3   warning  '$' is not defined                        no-undef
  38:3   warning  '$' is not defined                        no-undef
  40:3   warning  '$' is not defined                        no-undef
  41:5   warning  '$' is not defined                        no-undef
  42:5   warning  'time' is not defined                     no-undef
  45:3   warning  '$' is not defined                        no-undef
  46:5   warning  '$' is not defined                        no-undef
  47:5   warning  'time' is not defined                     no-undef
  50:3   warning  '$' is not defined                        no-undef
  53:3   warning  '$' is not defined                        no-undef
  57:3   warning  '$' is not defined                        no-undef
  58:3   warning  '$' is not defined                        no-undef
  60:3   warning  '$' is not defined                        no-undef
  61:5   warning  '$' is not defined                        no-undef
  62:5   warning  'time' is not defined                     no-undef
  65:3   warning  '$' is not defined                        no-undef
  66:5   warning  '$' is not defined                        no-undef
  67:5   warning  'time' is not defined                     no-undef
  70:3   warning  '$' is not defined                        no-undef
  73:3   warning  '$' is not defined                        no-undef
  74:3   warning  '$' is not defined                        no-undef
  77:3   warning  '$' is not defined                        no-undef
  77:38  warning  '$' is not defined                        no-undef
  78:3   warning  '$' is not defined                        no-undef
  78:40  warning  '$' is not defined                        no-undef
  79:3   warning  '$' is not defined                        no-undef
  79:38  warning  '$' is not defined                        no-undef
  80:3   warning  'endmass' is not defined                  no-undef
  80:13  warning  '$' is not defined                        no-undef
  81:3   warning  'beamlength' is not defined               no-undef
  81:16  warning  '$' is not defined                        no-undef
  82:3   warning  'dampingratio' is not defined             no-undef
  82:18  warning  '$' is not defined                        no-undef
  84:3   warning  Unnecessary semicolon                     no-extra-semi

✖ 267 problems (1 error, 266 warnings)
  0 errors and 1 warning potentially fixable with the `--fix` option.

